<?xml version="1.0" encoding="UTF-8"?>
<testsuite xmlns:xsi="http://www.w3.org/2001/XMLSchema-instance" xsi:noNamespaceSchemaLocation="https://maven.apache.org/surefire/maven-surefire-plugin/xsd/surefire-test-report-3.0.xsd" version="3.0" name="com.healthtrack.UsuarioTest" time="0.128" tests="5" errors="0" skipped="0" failures="0">
  <properties>
[...]
</properties>
  <testcase name="testActualizarPesoCorrecto" classname="com.healthtrack.UsuarioTest" time="0.064"/>
  <testcase name="testMostrarInformacion" classname="com.healthtrack.UsuarioTest" time="0.009"/>
  <testcase name="testActualizarConMismoPeso" classname="com.healthtrack.UsuarioTest" time="0.001"/>
  <testcase name="testGetNombre" classname="com.healthtrack.UsuarioTest" time="0.001"/>
  <testcase name="testActualizarConPesoNegativo" classname="com.healthtrack.UsuarioTest" time="0.001"/>
</testsuite>